2013-09-20T22:36:24: ztex_ufm1_15b1-04A39E20AD: New device: bitfile=ztex_ufm1_15b1   f_default=184.00MHz  f_max=224.00MHz  HpC=0.5H
2013-09-20T22:36:24: ztex_ufm1_15b1-04A39E20AD: MAC address: 0004a39e20ad
2013-09-20T22:36:25: ztex_ufm1_15b1-04A39E20AD: FPGA 1: configuration time: 289 ms
2013-09-20T22:36:25: ztex_ufm1_15b1-04A39E20AD-1: New FPGA
2013-09-20T22:36:25: ztex_ufm1_15b1-04A39E20AD-1: Set frequency to 184.00MHz
2013-09-20T22:36:26: ztex_ufm1_15b1-04A39E20AD-1: Using LongPolling URL http://mint.bitminter.com:8332/lp
2013-09-20T22:36:41: ztex_ufm1_15b1-04A39E20AD-1: f=184.00MHz,  errorRate=0.00%,  hashRate=92.0MH/s,  submitted 0 new nonces,  luckFactor=0.00
2013-09-20T22:36:56: ztex_ufm1_15b1-04A39E20AD-1: f=184.00MHz,  errorRate=0.00%,  hashRate=92.0MH/s,  submitted 0 new nonces,  luckFactor=0.00
2013-09-20T22:37:11: ztex_ufm1_15b1-04A39E20AD-1: f=184.00MHz,  errorRate=0.00%,  maxErrorRate=0.00%,  hashRate=92.0MH/s,  submitted 2 new nonces,  luckFactor=2.06
2013-09-20T22:37:26: ztex_ufm1_15b1-04A39E20AD-1: f=184.00MHz,  errorRate=0.00%,  maxErrorRate=0.00%,  hashRate=92.0MH/s,  submitted 0 new nonces,  luckFactor=1.55
2013-09-20T23:34:24: ztex_ufm1_15b1-04A39E20AD: New device: bitfile=ztex_ufm1_15b1   f_default=184.00MHz  f_max=224.00MHz  HpC=0.5H
2013-09-20T23:34:24: ztex_ufm1_15b1-04A39E20AD: MAC address: 0004a39e20ad
2013-09-20T23:34:25: ztex_ufm1_15b1-04A39E20AD: FPGA 1: configuration time: 288 ms
2013-09-20T23:34:25: ztex_ufm1_15b1-04A39E20AD-1: New FPGA
2013-09-20T23:34:25: ztex_ufm1_15b1-04A39E20AD-1: Set frequency to 184.00MHz
2013-09-20T23:34:27: ztex_ufm1_15b1-04A39E20AD-1: Using LongPolling URL http://mint.bitminter.com:8332/lp
2013-09-20T23:34:41: ztex_ufm1_15b1-04A39E20AD-1: f=184.00MHz,  errorRate=0.00%,  hashRate=92.0MH/s,  submitted 0 new nonces,  luckFactor=0.00
2013-09-20T23:34:56: ztex_ufm1_15b1-04A39E20AD-1: f=184.00MHz,  errorRate=0.00%,  hashRate=92.0MH/s,  submitted 0 new nonces,  luckFactor=0.00
2013-09-20T23:35:11: ztex_ufm1_15b1-04A39E20AD-1: f=184.00MHz,  errorRate=0.00%,  maxErrorRate=0.00%,  hashRate=92.0MH/s,  submitted 1 new nonces,  luckFactor=1.03
2013-09-20T23:35:26: ztex_ufm1_15b1-04A39E20AD-1: f=184.00MHz,  errorRate=0.00%,  maxErrorRate=0.00%,  hashRate=92.0MH/s,  submitted 0 new nonces,  luckFactor=0.78
2013-09-20T23:35:39: ztex_ufm1_15b1-04A39E20AD-1: Set frequency from 184.00MHz to 192.00MHz
2013-09-20T23:35:41: ztex_ufm1_15b1-04A39E20AD-1: f=192.00MHz,  submitted 1 new nonces,  luckFactor=1.19
2013-09-20T23:35:56: ztex_ufm1_15b1-04A39E20AD-1: f=192.00MHz,  errorRate=0.00%,  hashRate=96.0MH/s,  submitted 0 new nonces,  luckFactor=0.99
2013-09-20T23:36:11: ztex_ufm1_15b1-04A39E20AD-1: f=192.00MHz,  errorRate=0.00%,  hashRate=96.0MH/s,  submitted 0 new nonces,  luckFactor=0.85
2013-09-20T23:36:26: ztex_ufm1_15b1-04A39E20AD-1: f=192.00MHz,  errorRate=0.00%,  maxErrorRate=0.00%,  hashRate=96.0MH/s,  submitted 1 new nonces,  luckFactor=1.11
2013-09-20T23:36:42: ztex_ufm1_15b1-04A39E20AD-1: f=192.00MHz,  errorRate=0.00%,  maxErrorRate=0.00%,  hashRate=96.0MH/s,  submitted 0 new nonces,  luckFactor=0.99
2013-09-20T23:36:53: ztex_ufm1_15b1-04A39E20AD-1: Set frequency from 192.00MHz to 200.00MHz
2013-09-20T23:36:57: ztex_ufm1_15b1-04A39E20AD-1: f=200.00MHz,  submitted 0 new nonces,  luckFactor=0.88
2013-09-20T23:36:58: ztex_ufm1_15b1-04A39E20AD-1: Set frequency from 200.00MHz to 192.00MHz
2013-09-20T23:37:12: ztex_ufm1_15b1-04A39E20AD-1: f=192.00MHz,  errorRate=0.00%,  maxErrorRate=0.00%,  hashRate=96.0MH/s,  submitted 1 new nonces,  luckFactor=1.08
2013-09-20T23:37:27: ztex_ufm1_15b1-04A39E20AD-1: f=192.00MHz,  errorRate=0.00%,  maxErrorRate=0.00%,  hashRate=96.0MH/s,  submitted 0 new nonces,  luckFactor=0.99
2013-09-20T23:37:42: ztex_ufm1_15b1-04A39E20AD-1: f=192.00MHz,  errorRate=0.00%,  maxErrorRate=0.00%,  hashRate=96.0MH/s,  submitted 0 new nonces,  luckFactor=0.92
2013-09-20T23:37:57: ztex_ufm1_15b1-04A39E20AD-1: f=192.00MHz,  errorRate=0.00%,  maxErrorRate=0.00%,  hashRate=96.0MH/s,  submitted 0 new nonces,  luckFactor=0.85
2013-09-20T23:38:12: ztex_ufm1_15b1-04A39E20AD-1: f=192.00MHz,  errorRate=0.00%,  maxErrorRate=0.00%,  hashRate=96.0MH/s,  submitted 0 new nonces,  luckFactor=0.79
2013-09-20T23:38:27: ztex_ufm1_15b1-04A39E20AD-1: f=192.00MHz,  errorRate=0.00%,  maxErrorRate=0.00%,  hashRate=96.0MH/s,  submitted 1 new nonces,  luckFactor=0.93
2013-09-20T23:38:42: ztex_ufm1_15b1-04A39E20AD-1: f=192.00MHz,  errorRate=0.00%,  maxErrorRate=0.00%,  hashRate=96.0MH/s,  submitted 2 new nonces,  luckFactor=1.22
2013-09-20T23:38:57: ztex_ufm1_15b1-04A39E20AD-1: f=192.00MHz,  errorRate=0.00%,  maxErrorRate=0.00%,  hashRate=96.0MH/s,  submitted 0 new nonces,  luckFactor=1.16
2013-09-20T23:39:13: ztex_ufm1_15b1-04A39E20AD-1: f=192.00MHz,  errorRate=0.42%,  maxErrorRate=0.51%,  hashRate=95.6MH/s,  submitted 0 new nonces,  luckFactor=1.10
2013-09-20T23:39:28: ztex_ufm1_15b1-04A39E20AD-1: f=192.00MHz,  errorRate=0.31%,  maxErrorRate=0.51%,  hashRate=95.7MH/s,  submitted 0 new nonces,  luckFactor=1.04
2013-09-20T23:39:43: ztex_ufm1_15b1-04A39E20AD-1: f=192.00MHz,  errorRate=0.23%,  maxErrorRate=0.51%,  hashRate=95.8MH/s,  submitted 0 new nonces,  luckFactor=0.99
2013-09-20T23:39:58: ztex_ufm1_15b1-04A39E20AD-1: f=192.00MHz,  errorRate=0.17%,  maxErrorRate=0.51%,  hashRate=95.8MH/s,  submitted 0 new nonces,  luckFactor=0.95
2013-09-20T23:40:13: ztex_ufm1_15b1-04A39E20AD-1: f=192.00MHz,  errorRate=0.13%,  maxErrorRate=0.51%,  hashRate=95.9MH/s,  submitted 0 new nonces,  luckFactor=0.91
2013-09-20T23:40:28: ztex_ufm1_15b1-04A39E20AD-1: f=192.00MHz,  errorRate=0.10%,  maxErrorRate=0.51%,  hashRate=95.9MH/s,  submitted 0 new nonces,  luckFactor=0.87
2013-09-20T23:40:43: ztex_ufm1_15b1-04A39E20AD-1: f=192.00MHz,  errorRate=0.07%,  maxErrorRate=0.51%,  hashRate=95.9MH/s,  submitted 1 new nonces,  luckFactor=0.95
2013-09-20T23:40:58: ztex_ufm1_15b1-04A39E20AD-1: f=192.00MHz,  errorRate=0.49%,  maxErrorRate=0.56%,  hashRate=95.5MH/s,  submitted 0 new nonces,  luckFactor=0.92
2013-09-20T23:41:13: ztex_ufm1_15b1-04A39E20AD-1: f=192.00MHz,  errorRate=0.36%,  maxErrorRate=0.56%,  hashRate=95.7MH/s,  submitted 0 new nonces,  luckFactor=0.89
2013-09-20T23:41:28: ztex_ufm1_15b1-04A39E20AD-1: f=192.00MHz,  errorRate=1.09%,  maxErrorRate=1.26%,  hashRate=94.9MH/s,  submitted 0 new nonces,  luckFactor=0.86
2013-09-20T23:41:40: ztex_ufm1_15b1-04A39E20AD-1: Set frequency from 192.00MHz to 200.00MHz
2013-09-20T23:41:43: ztex_ufm1_15b1-04A39E20AD-1: Set frequency from 200.00MHz to 192.00MHz
2013-09-20T23:41:43: ztex_ufm1_15b1-04A39E20AD-1: f=192.00MHz,  errorRate=1.37%,  maxErrorRate=1.37%,  hashRate=94.7MH/s,  submitted 2 new nonces,  luckFactor=1.04
2013-09-20T23:41:58: ztex_ufm1_15b1-04A39E20AD-1: f=192.00MHz,  errorRate=1.46%,  maxErrorRate=1.78%,  hashRate=94.6MH/s,  submitted 0 new nonces,  luckFactor=1.01
2013-09-20T23:42:14: ztex_ufm1_15b1-04A39E20AD-1: f=192.00MHz,  errorRate=1.90%,  maxErrorRate=2.27%,  hashRate=94.2MH/s,  submitted 0 new nonces,  luckFactor=0.98
2013-09-20T23:42:29: ztex_ufm1_15b1-04A39E20AD-1: f=192.00MHz,  errorRate=1.82%,  maxErrorRate=2.28%,  hashRate=94.3MH/s,  submitted 2 new nonces,  luckFactor=1.14
2013-09-20T23:42:44: ztex_ufm1_15b1-04A39E20AD-1: f=192.00MHz,  errorRate=1.80%,  maxErrorRate=2.28%,  hashRate=94.3MH/s,  submitted 1 new nonces,  luckFactor=1.19
2013-09-20T23:42:59: ztex_ufm1_15b1-04A39E20AD-1: f=192.00MHz,  errorRate=1.34%,  maxErrorRate=2.28%,  hashRate=94.7MH/s,  submitted 0 new nonces,  luckFactor=1.15
2013-09-20T23:43:14: ztex_ufm1_15b1-04A39E20AD-1: f=192.00MHz,  errorRate=1.38%,  maxErrorRate=2.28%,  hashRate=94.7MH/s,  submitted 1 new nonces,  luckFactor=1.21
2013-09-20T23:43:29: ztex_ufm1_15b1-04A39E20AD-1: f=192.00MHz,  errorRate=1.45%,  maxErrorRate=2.28%,  hashRate=94.6MH/s,  submitted 1 new nonces,  luckFactor=1.26
2013-09-20T23:43:44: ztex_ufm1_15b1-04A39E20AD-1: f=192.00MHz,  errorRate=1.46%,  maxErrorRate=2.28%,  hashRate=94.6MH/s,  submitted 2 new nonces,  luckFactor=1.39
2013-09-20T23:44:00: ztex_ufm1_15b1-04A39E20AD-1: f=192.00MHz,  errorRate=1.87%,  maxErrorRate=2.35%,  hashRate=94.2MH/s,  submitted 1 new nonces,  luckFactor=1.43
2013-09-20T23:44:10: New block detected by long polling
2013-09-20T23:44:15: ztex_ufm1_15b1-04A39E20AD-1: f=192.00MHz,  errorRate=1.79%,  maxErrorRate=2.35%,  hashRate=94.3MH/s,  submitted 0 new nonces,  luckFactor=1.40
2013-09-20T23:44:17: New block detected by long polling
2013-09-20T23:44:30: ztex_ufm1_15b1-04A39E20AD-1: f=192.00MHz,  errorRate=1.36%,  maxErrorRate=2.35%,  hashRate=94.7MH/s,  submitted 0 new nonces,  luckFactor=1.36
2013-09-20T23:44:45: ztex_ufm1_15b1-04A39E20AD-1: f=192.00MHz,  errorRate=2.27%,  maxErrorRate=2.56%,  hashRate=93.8MH/s,  submitted 0 new nonces,  luckFactor=1.34
2013-09-20T23:45:00: ztex_ufm1_15b1-04A39E20AD-1: f=192.00MHz,  errorRate=2.17%,  maxErrorRate=2.56%,  hashRate=93.9MH/s,  submitted 1 new nonces,  luckFactor=1.37
2013-09-20T23:45:15: ztex_ufm1_15b1-04A39E20AD-1: f=192.00MHz,  errorRate=2.44%,  maxErrorRate=2.68%,  hashRate=93.7MH/s,  submitted 1 new nonces,  luckFactor=1.42
2013-09-20T23:45:30: ztex_ufm1_15b1-04A39E20AD-1: f=192.00MHz,  errorRate=2.27%,  maxErrorRate=2.68%,  hashRate=93.8MH/s,  submitted 0 new nonces,  luckFactor=1.38
2013-09-20T23:45:45: ztex_ufm1_15b1-04A39E20AD-1: f=192.00MHz,  errorRate=2.66%,  maxErrorRate=2.69%,  hashRate=93.4MH/s,  submitted 0 new nonces,  luckFactor=1.36
2013-09-20T23:46:00: ztex_ufm1_15b1-04A39E20AD-1: f=192.00MHz,  errorRate=2.85%,  maxErrorRate=3.25%,  hashRate=93.3MH/s,  submitted 0 new nonces,  luckFactor=1.33
2013-09-20T23:46:15: ztex_ufm1_15b1-04A39E20AD-1: f=192.00MHz,  errorRate=2.51%,  maxErrorRate=3.25%,  hashRate=93.6MH/s,  submitted 0 new nonces,  luckFactor=1.30
2013-09-20T23:46:30: ztex_ufm1_15b1-04A39E20AD-1: f=192.00MHz,  errorRate=1.88%,  maxErrorRate=3.25%,  hashRate=94.2MH/s,  submitted 0 new nonces,  luckFactor=1.26
2013-09-20T23:46:43: New block detected by long polling
2013-09-20T23:46:46: ztex_ufm1_15b1-04A39E20AD-1: Warning: Rejected block: Stale proof of work
2013-09-20T23:46:46: ztex_ufm1_15b1-04A39E20AD-1: f=192.00MHz,  errorRate=2.67%,  maxErrorRate=3.25%,  hashRate=93.4MH/s,  submitted 1 new nonces,  luckFactor=1.31
2013-09-20T23:46:46: New block detected by long polling
2013-09-20T23:47:01: ztex_ufm1_15b1-04A39E20AD-1: f=192.00MHz,  errorRate=2.43%,  maxErrorRate=3.25%,  hashRate=93.7MH/s,  submitted 0 new nonces,  luckFactor=1.28
2013-09-20T23:47:16: ztex_ufm1_15b1-04A39E20AD-1: f=192.00MHz,  errorRate=2.68%,  maxErrorRate=3.25%,  hashRate=93.4MH/s,  submitted 0 new nonces,  luckFactor=1.26
2013-09-20T23:47:31: ztex_ufm1_15b1-04A39E20AD-1: f=192.00MHz,  errorRate=2.46%,  maxErrorRate=3.25%,  hashRate=93.6MH/s,  submitted 1 new nonces,  luckFactor=1.29
2013-09-20T23:47:46: ztex_ufm1_15b1-04A39E20AD-1: f=192.00MHz,  errorRate=2.32%,  maxErrorRate=3.25%,  hashRate=93.8MH/s,  submitted 0 new nonces,  luckFactor=1.26
2013-09-20T23:48:01: ztex_ufm1_15b1-04A39E20AD-1: f=192.00MHz,  errorRate=1.74%,  maxErrorRate=3.25%,  hashRate=94.3MH/s,  submitted 0 new nonces,  luckFactor=1.23
2013-09-20T23:48:16: ztex_ufm1_15b1-04A39E20AD-1: f=192.00MHz,  errorRate=1.76%,  maxErrorRate=3.25%,  hashRate=94.3MH/s,  submitted 0 new nonces,  luckFactor=1.21
2013-09-20T23:48:32: ztex_ufm1_15b1-04A39E20AD-1: f=192.00MHz,  errorRate=1.80%,  maxErrorRate=3.25%,  hashRate=94.3MH/s,  submitted 0 new nonces,  luckFactor=1.19
2013-09-20T23:48:47: ztex_ufm1_15b1-04A39E20AD-1: f=192.00MHz,  errorRate=3.04%,  maxErrorRate=3.25%,  hashRate=93.1MH/s,  submitted 1 new nonces,  luckFactor=1.24
2013-09-20T23:49:02: ztex_ufm1_15b1-04A39E20AD-1: f=192.00MHz,  errorRate=2.73%,  maxErrorRate=3.25%,  hashRate=93.4MH/s,  submitted 0 new nonces,  luckFactor=1.21
2013-09-20T23:49:17: ztex_ufm1_15b1-04A39E20AD-1: f=192.00MHz,  errorRate=3.44%,  maxErrorRate=3.44%,  hashRate=92.7MH/s,  submitted 0 new nonces,  luckFactor=1.20
2013-09-20T23:49:32: ztex_ufm1_15b1-04A39E20AD-1: f=192.00MHz,  errorRate=2.58%,  maxErrorRate=3.44%,  hashRate=93.5MH/s,  submitted 0 new nonces,  luckFactor=1.17
2013-09-20T23:49:47: ztex_ufm1_15b1-04A39E20AD-1: f=192.00MHz,  errorRate=3.30%,  maxErrorRate=3.44%,  hashRate=92.8MH/s,  submitted 1 new nonces,  luckFactor=1.21
2013-09-20T23:50:02: ztex_ufm1_15b1-04A39E20AD-1: f=192.00MHz,  errorRate=3.88%,  maxErrorRate=3.88%,  hashRate=92.3MH/s,  submitted 1 new nonces,  luckFactor=1.25
2013-09-20T23:50:06: ztex_ufm1_15b1-04A39E20AD-1: Set frequency from 192.00MHz to 184.00MHz
2013-09-20T23:50:17: ztex_ufm1_15b1-04A39E20AD-1: f=184.00MHz,  errorRate=0.00%,  maxErrorRate=0.00%,  hashRate=92.0MH/s,  submitted 0 new nonces,  luckFactor=1.23
2013-09-20T23:50:32: ztex_ufm1_15b1-04A39E20AD-1: f=184.00MHz,  errorRate=0.00%,  maxErrorRate=0.00%,  hashRate=92.0MH/s,  submitted 0 new nonces,  luckFactor=1.21
2013-09-20T23:50:47: ztex_ufm1_15b1-04A39E20AD-1: f=184.00MHz,  errorRate=0.00%,  maxErrorRate=0.00%,  hashRate=92.0MH/s,  submitted 2 new nonces,  luckFactor=1.29
2013-09-20T23:51:02: ztex_ufm1_15b1-04A39E20AD-1: f=184.00MHz,  errorRate=0.00%,  maxErrorRate=0.00%,  hashRate=92.0MH/s,  submitted 0 new nonces,  luckFactor=1.27
2013-09-20T23:51:17: ztex_ufm1_15b1-04A39E20AD-1: f=184.00MHz,  errorRate=0.00%,  maxErrorRate=0.00%,  hashRate=92.0MH/s,  submitted 1 new nonces,  luckFactor=1.30
2013-09-20T23:51:19: New block detected by long polling
2013-09-20T23:51:22: New block detected by long polling
2013-09-20T23:51:32: ztex_ufm1_15b1-04A39E20AD-1: f=184.00MHz,  errorRate=0.00%,  maxErrorRate=0.00%,  hashRate=92.0MH/s,  submitted 0 new nonces,  luckFactor=1.28
2013-09-20T23:51:48: ztex_ufm1_15b1-04A39E20AD-1: f=184.00MHz,  errorRate=0.00%,  maxErrorRate=0.00%,  hashRate=92.0MH/s,  submitted 1 new nonces,  luckFactor=1.30
2013-09-20T23:52:03: ztex_ufm1_15b1-04A39E20AD-1: f=184.00MHz,  errorRate=0.00%,  maxErrorRate=0.00%,  hashRate=92.0MH/s,  submitted 0 new nonces,  luckFactor=1.29
2013-09-20T23:52:18: ztex_ufm1_15b1-04A39E20AD-1: f=184.00MHz,  errorRate=0.00%,  maxErrorRate=0.00%,  hashRate=92.0MH/s,  submitted 0 new nonces,  luckFactor=1.27
2013-09-20T23:52:33: ztex_ufm1_15b1-04A39E20AD-1: f=184.00MHz,  errorRate=0.00%,  maxErrorRate=0.00%,  hashRate=92.0MH/s,  submitted 0 new nonces,  luckFactor=1.25
2013-09-20T23:52:48: ztex_ufm1_15b1-04A39E20AD-1: f=184.00MHz,  errorRate=0.00%,  maxErrorRate=0.00%,  hashRate=92.0MH/s,  submitted 1 new nonces,  luckFactor=1.28
2013-09-20T23:53:03: ztex_ufm1_15b1-04A39E20AD-1: f=184.00MHz,  errorRate=0.00%,  maxErrorRate=0.00%,  hashRate=92.0MH/s,  submitted 0 new nonces,  luckFactor=1.26
2013-09-20T23:53:18: ztex_ufm1_15b1-04A39E20AD-1: f=184.00MHz,  errorRate=0.00%,  maxErrorRate=0.00%,  hashRate=92.0MH/s,  submitted 0 new nonces,  luckFactor=1.24
2013-09-20T23:53:33: ztex_ufm1_15b1-04A39E20AD-1: f=184.00MHz,  errorRate=0.00%,  maxErrorRate=0.00%,  hashRate=92.0MH/s,  submitted 0 new nonces,  luckFactor=1.23
2013-09-20T23:53:48: ztex_ufm1_15b1-04A39E20AD-1: f=184.00MHz,  errorRate=0.00%,  maxErrorRate=0.00%,  hashRate=92.0MH/s,  submitted 0 new nonces,  luckFactor=1.21
2013-09-20T23:54:03: ztex_ufm1_15b1-04A39E20AD-1: f=184.00MHz,  errorRate=0.00%,  maxErrorRate=0.00%,  hashRate=92.0MH/s,  submitted 0 new nonces,  luckFactor=1.19
2013-09-20T23:54:19: ztex_ufm1_15b1-04A39E20AD-1: f=184.00MHz,  errorRate=0.00%,  maxErrorRate=0.00%,  hashRate=92.0MH/s,  submitted 1 new nonces,  luckFactor=1.22
2013-09-20T23:54:34: ztex_ufm1_15b1-04A39E20AD-1: f=184.00MHz,  errorRate=0.00%,  maxErrorRate=0.00%,  hashRate=92.0MH/s,  submitted 0 new nonces,  luckFactor=1.20
2013-09-20T23:54:49: ztex_ufm1_15b1-04A39E20AD-1: f=184.00MHz,  errorRate=0.00%,  maxErrorRate=0.00%,  hashRate=92.0MH/s,  submitted 0 new nonces,  luckFactor=1.19
2013-09-20T23:55:04: ztex_ufm1_15b1-04A39E20AD-1: f=184.00MHz,  errorRate=0.00%,  maxErrorRate=0.00%,  hashRate=92.0MH/s,  submitted 0 new nonces,  luckFactor=1.17
2013-09-20T23:55:19: ztex_ufm1_15b1-04A39E20AD-1: f=184.00MHz,  errorRate=0.00%,  maxErrorRate=0.00%,  hashRate=92.0MH/s,  submitted 0 new nonces,  luckFactor=1.16
2013-09-20T23:55:34: ztex_ufm1_15b1-04A39E20AD-1: f=184.00MHz,  errorRate=0.00%,  maxErrorRate=0.00%,  hashRate=92.0MH/s,  submitted 0 new nonces,  luckFactor=1.15
2013-09-20T23:55:49: ztex_ufm1_15b1-04A39E20AD-1: f=184.00MHz,  errorRate=0.00%,  maxErrorRate=0.00%,  hashRate=92.0MH/s,  submitted 0 new nonces,  luckFactor=1.13
2013-09-20T23:55:55: New block detected by long polling
2013-09-20T23:55:58: New block detected by long polling
2013-09-20T23:56:04: ztex_ufm1_15b1-04A39E20AD-1: f=184.00MHz,  errorRate=0.00%,  maxErrorRate=0.00%,  hashRate=92.0MH/s,  submitted 0 new nonces,  luckFactor=1.12
2013-09-20T23:56:19: ztex_ufm1_15b1-04A39E20AD-1: f=184.00MHz,  errorRate=0.00%,  maxErrorRate=0.00%,  hashRate=92.0MH/s,  submitted 0 new nonces,  luckFactor=1.11
2013-09-20T23:56:34: ztex_ufm1_15b1-04A39E20AD-1: f=184.00MHz,  errorRate=0.00%,  maxErrorRate=0.00%,  hashRate=92.0MH/s,  submitted 0 new nonces,  luckFactor=1.09
